<?xml version="1.0" encoding="UTF-8"?>
<testng-results skipped="0" failed="0" ignored="0" total="1" passed="1">
  <reporter-output>
  </reporter-output>
  <suite name="Suite" duration-ms="13847" started-at="2022-08-23T10:33:37Z" finished-at="2022-08-23T10:33:51Z">
    <groups>
    </groups>
    <test name="Test" duration-ms="13847" started-at="2022-08-23T10:33:37Z" finished-at="2022-08-23T10:33:51Z">
      <class name="org.utility.Implementation">
        <test-method status="PASS" signature="test1()[pri:0, instance:org.utility.Implementation@204f30ec]" name="test1" duration-ms="13750" started-at="2022-08-23T10:33:37Z" finished-at="2022-08-23T10:33:51Z">
          <reporter-output>
          </reporter-output>
        </test-method> <!-- test1 -->
      </class> <!-- org.utility.Implementation -->
    </test> <!-- Test -->
  </suite> <!-- Suite -->
</testng-results>
